2021-06-25 13:09:11.979  INFO 8756 --- [restartedMain] c.e.a.AddressbookAppApplication          : Starting AddressbookAppApplication using Java 11.0.10 on DESKTOP-T4PTG44 with PID 8756 (D:\Pratiksha\Spring_boot\AddressBook_App\AddressbookApp\target\classes started by Nagoshe in D:\Pratiksha\Spring_boot\AddressBook_App\AddressbookApp)
2021-06-25 13:09:11.981 DEBUG 8756 --- [restartedMain] c.e.a.AddressbookAppApplication          : Running with Spring Boot v2.5.1, Spring v5.3.8
2021-06-25 13:09:11.984  INFO 8756 --- [restartedMain] c.e.a.AddressbookAppApplication          : No active profile set, falling back to default profiles: default
2021-06-25 13:09:14.771  WARN 8756 --- [restartedMain] JpaBaseConfiguration$JpaWebConfiguration : spring.jpa.open-in-view is enabled by default. Therefore, database queries may be performed during view rendering. Explicitly configure spring.jpa.open-in-view to disable this warning
2021-06-25 13:09:15.418  INFO 8756 --- [restartedMain] c.e.a.AddressbookAppApplication          : Started AddressbookAppApplication in 3.92 seconds (JVM running for 652.585)
2021-06-25 13:10:05.666  INFO 8756 --- [restartedMain] c.e.a.AddressbookAppApplication          : Starting AddressbookAppApplication using Java 11.0.10 on DESKTOP-T4PTG44 with PID 8756 (D:\Pratiksha\Spring_boot\AddressBook_App\AddressbookApp\target\classes started by Nagoshe in D:\Pratiksha\Spring_boot\AddressBook_App\AddressbookApp)
2021-06-25 13:10:05.667 DEBUG 8756 --- [restartedMain] c.e.a.AddressbookAppApplication          : Running with Spring Boot v2.5.1, Spring v5.3.8
2021-06-25 13:10:05.667  INFO 8756 --- [restartedMain] c.e.a.AddressbookAppApplication          : No active profile set, falling back to default profiles: default
2021-06-25 13:10:10.504  WARN 8756 --- [restartedMain] JpaBaseConfiguration$JpaWebConfiguration : spring.jpa.open-in-view is enabled by default. Therefore, database queries may be performed during view rendering. Explicitly configure spring.jpa.open-in-view to disable this warning
2021-06-25 13:10:11.436  INFO 8756 --- [restartedMain] c.e.a.AddressbookAppApplication          : Started AddressbookAppApplication in 5.889 seconds (JVM running for 708.604)
2021-06-25 13:10:56.319  INFO 8756 --- [restartedMain] c.e.a.AddressbookAppApplication          : Starting AddressbookAppApplication using Java 11.0.10 on DESKTOP-T4PTG44 with PID 8756 (D:\Pratiksha\Spring_boot\AddressBook_App\AddressbookApp\target\classes started by Nagoshe in D:\Pratiksha\Spring_boot\AddressBook_App\AddressbookApp)
2021-06-25 13:10:56.319 DEBUG 8756 --- [restartedMain] c.e.a.AddressbookAppApplication          : Running with Spring Boot v2.5.1, Spring v5.3.8
2021-06-25 13:10:56.319  INFO 8756 --- [restartedMain] c.e.a.AddressbookAppApplication          : No active profile set, falling back to default profiles: default
2021-06-25 13:10:58.063  WARN 8756 --- [restartedMain] JpaBaseConfiguration$JpaWebConfiguration : spring.jpa.open-in-view is enabled by default. Therefore, database queries may be performed during view rendering. Explicitly configure spring.jpa.open-in-view to disable this warning
2021-06-25 13:10:58.191  INFO 8756 --- [restartedMain] c.e.a.AddressbookAppApplication          : Started AddressbookAppApplication in 1.922 seconds (JVM running for 755.359)
2021-06-25 13:11:25.151  INFO 4940 --- [restartedMain] c.e.a.AddressbookAppApplication          : Starting AddressbookAppApplication using Java 11.0.10 on DESKTOP-T4PTG44 with PID 4940 (D:\Pratiksha\Spring_boot\AddressBook_App\AddressbookApp\target\classes started by Nagoshe in D:\Pratiksha\Spring_boot\AddressBook_App\AddressbookApp)
2021-06-25 13:11:25.157 DEBUG 4940 --- [restartedMain] c.e.a.AddressbookAppApplication          : Running with Spring Boot v2.5.1, Spring v5.3.8
2021-06-25 13:11:25.157  INFO 4940 --- [restartedMain] c.e.a.AddressbookAppApplication          : No active profile set, falling back to default profiles: default
2021-06-25 13:11:29.227  WARN 4940 --- [restartedMain] JpaBaseConfiguration$JpaWebConfiguration : spring.jpa.open-in-view is enabled by default. Therefore, database queries may be performed during view rendering. Explicitly configure spring.jpa.open-in-view to disable this warning
2021-06-25 13:11:29.738  INFO 4940 --- [restartedMain] c.e.a.AddressbookAppApplication          : Started AddressbookAppApplication in 5.135 seconds (JVM running for 6.332)
2021-06-25 13:12:39.057  INFO 4940 --- [restartedMain] c.e.a.AddressbookAppApplication          : Starting AddressbookAppApplication using Java 11.0.10 on DESKTOP-T4PTG44 with PID 4940 (D:\Pratiksha\Spring_boot\AddressBook_App\AddressbookApp\target\classes started by Nagoshe in D:\Pratiksha\Spring_boot\AddressBook_App\AddressbookApp)
2021-06-25 13:12:39.058 DEBUG 4940 --- [restartedMain] c.e.a.AddressbookAppApplication          : Running with Spring Boot v2.5.1, Spring v5.3.8
2021-06-25 13:12:39.058  INFO 4940 --- [restartedMain] c.e.a.AddressbookAppApplication          : No active profile set, falling back to default profiles: default
